2026-06-25 13:46:35 | INFO | ============================================================
2026-06-25 13:46:35 | INFO | CSCN8020 Assignment 2 — Q-Learning on Taxi-v4
2026-06-25 13:46:35 | INFO | Student: Prajesh Bhatt
2026-06-25 13:46:35 | INFO | ============================================================
2026-06-25 13:46:35 | INFO | STARTING TASK 1 — Baseline Training
2026-06-25 13:46:35 | INFO | --------------------------------------------------
2026-06-25 13:46:41 | INFO | STARTING TASK 3 — Experiment A: alpha=0.01
2026-06-25 13:46:41 | INFO | --------------------------------------------------
2026-06-25 13:46:49 | INFO | STARTING TASK 3 — Experiment B: alpha=0.001
2026-06-25 13:46:49 | INFO | --------------------------------------------------
2026-06-25 13:47:16 | INFO | STARTING TASK 3 — Experiment C: alpha=0.2
2026-06-25 13:47:16 | INFO | --------------------------------------------------
2026-06-25 13:47:21 | INFO | STARTING TASK 3 — Experiment D: epsilon=0.2
2026-06-25 13:47:21 | INFO | --------------------------------------------------
2026-06-25 13:47:27 | INFO | STARTING TASK 3 — Experiment E: epsilon=0.3
2026-06-25 13:47:27 | INFO | --------------------------------------------------
2026-06-25 13:47:36 | INFO | STARTING TASK 4 — Best Combination Experiment
2026-06-25 13:47:36 | INFO | --------------------------------------------------
2026-06-25 13:47:41 | INFO | All experiments complete.
2026-06-25 13:47:41 | INFO | --------------------------------------------------
2026-06-25 13:47:46 | INFO | --------------------------------------------------
2026-06-25 13:47:50 | INFO | Policy eval — Baseline: mean_reward=8.00, success_rate=100.0%
2026-06-25 13:47:50 | INFO | Policy eval — Best: mean_reward=8.00, success_rate=100.0%
